# JRE version: OpenJDK Runtime Environment (21.0.8) (build 21.0.8+-14196175-b1038.72)
# Java VM: OpenJDK 64-Bit Server VM (21.0.8+-14196175-b1038.72, mixed mode, tiered, compressed oops, compressed class ptrs, g1 gc, windows-amd64)
GC Precious Log:
 CardTable entry size: 512
 Card Set container configuration: InlinePtr #cards 5 size 8 Array Of Cards #cards 12 size 40 Howl #buckets 4 coarsen threshold 1843 Howl Bitmap #cards 512 size 80 coarsen threshold 460 Card regions per heap region 1 cards per card region 2048
 CPUs: 8 total, 8 available
 Memory: 8130M
 Large Page Support: Disabled
 NUMA Support: Disabled
 Compressed Oops: Enabled (32-bit)
 Heap Region Size: 1M
 Heap Min Capacity: 8M
 Heap Initial Capacity: 128M
 Heap Max Capacity: 2G
 Pre-touch: Disabled
 Parallel Workers: 8
 Concurrent Workers: 2
 Concurrent Refinement Workers: 8
 Periodic GC: Disabled
Heap:
 garbage-first heap   total 236544K, used 214008K [0x0000000080000000, 0x0000000100000000)
  region size 1024K, 56 young (57344K), 9 survivors (9216K)
 Metaspace       used 113532K, committed 115584K, reserved 1179648K
  class space    used 15746K, committed 16704K, reserved 1048576K
GC Heap History (20 events):
Event: 16.314 GC heap before
{Heap before GC invocations=25 (full 0):
 garbage-first heap   total 147456K, used 134932K [0x0000000080000000, 0x0000000100000000)
  region size 1024K, 48 young (49152K), 3 survivors (3072K)
 Metaspace       used 91121K, committed 92928K, reserved 1179648K
  class space    used 12799K, committed 13696K, reserved 1048576K
}
Event: 16.321 GC heap after
{Heap after GC invocations=26 (full 0):
 garbage-first heap   total 147456K, used 90417K [0x0000000080000000, 0x0000000100000000)
  region size 1024K, 4 young (4096K), 4 survivors (4096K)
 Metaspace       used 91121K, committed 92928K, reserved 1179648K
  class space    used 12799K, committed 13696K, reserved 1048576K
}
Event: 17.173 GC heap before
{Heap before GC invocations=26 (full 0):
 garbage-first heap   total 147456K, used 134449K [0x0000000080000000, 0x0000000100000000)
  region size 1024K, 47 young (48128K), 4 survivors (4096K)
 Metaspace       used 94309K, committed 96128K, reserved 1179648K
  class space    used 13279K, committed 14144K, reserved 1048576K
}
Event: 17.184 GC heap after
{Heap after GC invocations=27 (full 0):
 garbage-first heap   total 147456K, used 93926K [0x0000000080000000, 0x0000000100000000)
  region size 1024K, 6 young (6144K), 6 survivors (6144K)
 Metaspace       used 94309K, committed 96128K, reserved 1179648K
  class space    used 13279K, committed 14144K, reserved 1048576K
}
Event: 21.677 GC heap before
{Heap before GC invocations=28 (full 0):
 garbage-first heap   total 158720K, used 129766K [0x0000000080000000, 0x0000000100000000)
  region size 1024K, 42 young (43008K), 6 survivors (6144K)
 Metaspace       used 96674K, committed 98560K, reserved 1179648K
  class space    used 13685K, committed 14592K, reserved 1048576K
}
Event: 21.701 GC heap after
{Heap after GC invocations=29 (full 0):
 garbage-first heap   total 158720K, used 98483K [0x0000000080000000, 0x0000000100000000)
  region size 1024K, 5 young (5120K), 5 survivors (5120K)
 Metaspace       used 96674K, committed 98560K, reserved 1179648K
  class space    used 13685K, committed 14592K, reserved 1048576K
}
Event: 23.082 GC heap before
{Heap before GC invocations=29 (full 0):
 garbage-first heap   total 158720K, used 142515K [0x0000000080000000, 0x0000000100000000)
  region size 1024K, 49 young (50176K), 5 survivors (5120K)
 Metaspace       used 98565K, committed 100544K, reserved 1179648K
  class space    used 13899K, committed 14848K, reserved 1048576K
}
Event: 23.101 GC heap after
{Heap after GC invocations=30 (full 0):
 garbage-first heap   total 158720K, used 102416K [0x0000000080000000, 0x0000000100000000)
  region size 1024K, 5 young (5120K), 5 survivors (5120K)
 Metaspace       used 98565K, committed 100544K, reserved 1179648K
  class space    used 13899K, committed 14848K, reserved 1048576K
}
Event: 24.705 GC heap before
{Heap before GC invocations=30 (full 0):
 garbage-first heap   total 158720K, used 143376K [0x0000000080000000, 0x0000000100000000)
  region size 1024K, 45 young (46080K), 5 survivors (5120K)
 Metaspace       used 103126K, committed 105088K, reserved 1179648K
  class space    used 14552K, committed 15488K, reserved 1048576K
}
Event: 24.717 GC heap after
{Heap after GC invocations=31 (full 0):
 garbage-first heap   total 158720K, used 104699K [0x0000000080000000, 0x0000000100000000)
  region size 1024K, 3 young (3072K), 3 survivors (3072K)
 Metaspace       used 103126K, committed 105088K, reserved 1179648K
  class space    used 14552K, committed 15488K, reserved 1048576K
}
Event: 25.845 GC heap before
{Heap before GC invocations=32 (full 0):
 garbage-first heap   total 176128K, used 144635K [0x0000000080000000, 0x0000000100000000)
  region size 1024K, 42 young (43008K), 3 survivors (3072K)
 Metaspace       used 105129K, committed 107136K, reserved 1179648K
  class space    used 14831K, committed 15808K, reserved 1048576K
}
Event: 25.857 GC heap after
{Heap after GC invocations=33 (full 0):
 garbage-first heap   total 176128K, used 107804K [0x0000000080000000, 0x0000000100000000)
  region size 1024K, 6 young (6144K), 6 survivors (6144K)
 Metaspace       used 105129K, committed 107136K, reserved 1179648K
  class space    used 14831K, committed 15808K, reserved 1048576K
}
Event: 27.289 GC heap before
{Heap before GC invocations=33 (full 0):
 garbage-first heap   total 176128K, used 163100K [0x0000000080000000, 0x0000000100000000)
  region size 1024K, 56 young (57344K), 6 survivors (6144K)
 Metaspace       used 107068K, committed 109056K, reserved 1179648K
  class space    used 15007K, committed 15936K, reserved 1048576K
}
Event: 27.315 GC heap after
{Heap after GC invocations=34 (full 0):
 garbage-first heap   total 217088K, used 113370K [0x0000000080000000, 0x0000000100000000)
  region size 1024K, 7 young (7168K), 7 survivors (7168K)
 Metaspace       used 107068K, committed 109056K, reserved 1179648K
  class space    used 15007K, committed 15936K, reserved 1048576K
}
Event: 29.064 GC heap before
{Heap before GC invocations=34 (full 0):
 garbage-first heap   total 217088K, used 187098K [0x0000000080000000, 0x0000000100000000)
  region size 1024K, 80 young (81920K), 7 survivors (7168K)
 Metaspace       used 110886K, committed 112896K, reserved 1179648K
  class space    used 15503K, committed 16448K, reserved 1048576K
}
Event: 29.083 GC heap after
{Heap after GC invocations=35 (full 0):
 garbage-first heap   total 217088K, used 119595K [0x0000000080000000, 0x0000000100000000)
  region size 1024K, 10 young (10240K), 10 survivors (10240K)
 Metaspace       used 110886K, committed 112896K, reserved 1179648K
  class space    used 15503K, committed 16448K, reserved 1048576K
}
Event: 30.177 GC heap before
{Heap before GC invocations=35 (full 0):
 garbage-first heap   total 217088K, used 152363K [0x0000000080000000, 0x0000000100000000)
  region size 1024K, 43 young (44032K), 10 survivors (10240K)
 Metaspace       used 112031K, committed 114112K, reserved 1179648K
  class space    used 15623K, committed 16640K, reserved 1048576K
}
Event: 30.206 GC heap after
{Heap after GC invocations=36 (full 0):
 garbage-first heap   total 217088K, used 131072K [0x0000000080000000, 0x0000000100000000)
  region size 1024K, 10 young (10240K), 10 survivors (10240K)
 Metaspace       used 112031K, committed 114112K, reserved 1179648K
  class space    used 15623K, committed 16640K, reserved 1048576K
}
Event: 31.776 GC heap before
{Heap before GC invocations=37 (full 0):
 garbage-first heap   total 232448K, used 204800K [0x0000000080000000, 0x0000000100000000)
  region size 1024K, 68 young (69632K), 10 survivors (10240K)
 Metaspace       used 112677K, committed 114752K, reserved 1179648K
  class space    used 15670K, committed 16640K, reserved 1048576K
}
Event: 31.819 GC heap after
{Heap after GC invocations=38 (full 0):
 garbage-first heap   total 236544K, used 152568K [0x0000000080000000, 0x0000000100000000)
  region size 1024K, 9 young (9216K), 9 survivors (9216K)
 Metaspace       used 112677K, committed 114752K, reserved 1179648K
  class space    used 15670K, committed 16640K, reserved 1048576K
}

