# JRE version: OpenJDK Runtime Environment (21.0.8) (build 21.0.8+-14196175-b1038.72)
# Java VM: OpenJDK 64-Bit Server VM (21.0.8+-14196175-b1038.72, mixed mode, tiered, compressed oops, compressed class ptrs, g1 gc, windows-amd64)
GC Precious Log:
 CardTable entry size: 512
 Card Set container configuration: InlinePtr #cards 5 size 8 Array Of Cards #cards 12 size 40 Howl #buckets 4 coarsen threshold 1843 Howl Bitmap #cards 512 size 80 coarsen threshold 460 Card regions per heap region 1 cards per card region 2048
 CPUs: 8 total, 8 available
 Memory: 8130M
 Large Page Support: Disabled
 NUMA Support: Disabled
 Compressed Oops: Enabled (32-bit)
 Heap Region Size: 1M
 Heap Min Capacity: 8M
 Heap Initial Capacity: 128M
 Heap Max Capacity: 2G
 Pre-touch: Disabled
 Parallel Workers: 8
 Concurrent Workers: 2
 Concurrent Refinement Workers: 8
 Periodic GC: Disabled
Heap:
 garbage-first heap   total 456704K, used 273408K [0x0000000080000000, 0x0000000100000000)
  region size 1024K, 19 young (19456K), 19 survivors (19456K)
 Metaspace       used 133336K, committed 135296K, reserved 1179648K
  class space    used 18905K, committed 19840K, reserved 1048576K
GC Heap History (20 events):
Event: 56.076 GC heap after
{Heap after GC invocations=58 (full 0):
 garbage-first heap   total 388096K, used 234633K [0x0000000080000000, 0x0000000100000000)
  region size 1024K, 7 young (7168K), 7 survivors (7168K)
 Metaspace       used 129762K, committed 131776K, reserved 1179648K
  class space    used 18420K, committed 19392K, reserved 1048576K
}
Event: 56.664 GC heap before
{Heap before GC invocations=58 (full 0):
 garbage-first heap   total 388096K, used 356489K [0x0000000080000000, 0x0000000100000000)
  region size 1024K, 127 young (130048K), 7 survivors (7168K)
 Metaspace       used 130015K, committed 132032K, reserved 1179648K
  class space    used 18428K, committed 19392K, reserved 1048576K
}
Event: 56.685 GC heap after
{Heap after GC invocations=59 (full 0):
 garbage-first heap   total 456704K, used 234964K [0x0000000080000000, 0x0000000100000000)
  region size 1024K, 10 young (10240K), 10 survivors (10240K)
 Metaspace       used 130015K, committed 132032K, reserved 1179648K
  class space    used 18428K, committed 19392K, reserved 1048576K
}
Event: 57.440 GC heap before
{Heap before GC invocations=59 (full 0):
 garbage-first heap   total 456704K, used 415188K [0x0000000080000000, 0x0000000100000000)
  region size 1024K, 187 young (191488K), 10 survivors (10240K)
 Metaspace       used 130263K, committed 132288K, reserved 1179648K
  class space    used 18459K, committed 19392K, reserved 1048576K
}
Event: 57.459 GC heap after
{Heap after GC invocations=60 (full 0):
 garbage-first heap   total 456704K, used 238132K [0x0000000080000000, 0x0000000100000000)
  region size 1024K, 13 young (13312K), 13 survivors (13312K)
 Metaspace       used 130263K, committed 132288K, reserved 1179648K
  class space    used 18459K, committed 19392K, reserved 1048576K
}
Event: 58.192 GC heap before
{Heap before GC invocations=60 (full 0):
 garbage-first heap   total 456704K, used 418356K [0x0000000080000000, 0x0000000100000000)
  region size 1024K, 189 young (193536K), 13 survivors (13312K)
 Metaspace       used 130708K, committed 132736K, reserved 1179648K
  class space    used 18555K, committed 19520K, reserved 1048576K
}
Event: 58.214 GC heap after
{Heap after GC invocations=61 (full 0):
 garbage-first heap   total 456704K, used 241833K [0x0000000080000000, 0x0000000100000000)
  region size 1024K, 16 young (16384K), 16 survivors (16384K)
 Metaspace       used 130708K, committed 132736K, reserved 1179648K
  class space    used 18555K, committed 19520K, reserved 1048576K
}
Event: 58.948 GC heap before
{Heap before GC invocations=61 (full 0):
 garbage-first heap   total 456704K, used 414889K [0x0000000080000000, 0x0000000100000000)
  region size 1024K, 186 young (190464K), 16 survivors (16384K)
 Metaspace       used 130980K, committed 132992K, reserved 1179648K
  class space    used 18569K, committed 19520K, reserved 1048576K
}
Event: 58.987 GC heap after
{Heap after GC invocations=62 (full 0):
 garbage-first heap   total 456704K, used 248523K [0x0000000080000000, 0x0000000100000000)
  region size 1024K, 20 young (20480K), 20 survivors (20480K)
 Metaspace       used 130980K, committed 132992K, reserved 1179648K
  class space    used 18569K, committed 19520K, reserved 1048576K
}
Event: 60.040 GC heap before
{Heap before GC invocations=63 (full 0):
 garbage-first heap   total 456704K, used 411339K [0x0000000080000000, 0x0000000100000000)
  region size 1024K, 179 young (183296K), 20 survivors (20480K)
 Metaspace       used 131023K, committed 132992K, reserved 1179648K
  class space    used 18571K, committed 19520K, reserved 1048576K
}
Event: 60.071 GC heap after
{Heap after GC invocations=64 (full 0):
 garbage-first heap   total 456704K, used 252715K [0x0000000080000000, 0x0000000100000000)
  region size 1024K, 15 young (15360K), 15 survivors (15360K)
 Metaspace       used 131023K, committed 132992K, reserved 1179648K
  class space    used 18571K, committed 19520K, reserved 1048576K
}
Event: 60.635 GC heap before
{Heap before GC invocations=64 (full 0):
 garbage-first heap   total 456704K, used 416555K [0x0000000080000000, 0x0000000100000000)
  region size 1024K, 176 young (180224K), 15 survivors (15360K)
 Metaspace       used 131050K, committed 133056K, reserved 1179648K
  class space    used 18574K, committed 19520K, reserved 1048576K
}
Event: 60.665 GC heap after
{Heap after GC invocations=65 (full 0):
 garbage-first heap   total 456704K, used 256309K [0x0000000080000000, 0x0000000100000000)
  region size 1024K, 17 young (17408K), 17 survivors (17408K)
 Metaspace       used 131050K, committed 133056K, reserved 1179648K
  class space    used 18574K, committed 19520K, reserved 1048576K
}
Event: 61.257 GC heap before
{Heap before GC invocations=65 (full 0):
 garbage-first heap   total 456704K, used 415029K [0x0000000080000000, 0x0000000100000000)
  region size 1024K, 172 young (176128K), 17 survivors (17408K)
 Metaspace       used 131397K, committed 133376K, reserved 1179648K
  class space    used 18615K, committed 19584K, reserved 1048576K
}
Event: 61.281 GC heap after
{Heap after GC invocations=66 (full 0):
 garbage-first heap   total 456704K, used 259629K [0x0000000080000000, 0x0000000100000000)
  region size 1024K, 15 young (15360K), 15 survivors (15360K)
 Metaspace       used 131397K, committed 133376K, reserved 1179648K
  class space    used 18615K, committed 19584K, reserved 1048576K
}
Event: 62.377 GC heap before
{Heap before GC invocations=67 (full 0):
 garbage-first heap   total 456704K, used 415277K [0x0000000080000000, 0x0000000100000000)
  region size 1024K, 168 young (172032K), 15 survivors (15360K)
 Metaspace       used 133094K, committed 135104K, reserved 1179648K
  class space    used 18896K, committed 19840K, reserved 1048576K
}
Event: 62.399 GC heap after
{Heap after GC invocations=68 (full 0):
 garbage-first heap   total 456704K, used 261946K [0x0000000080000000, 0x0000000100000000)
  region size 1024K, 12 young (12288K), 12 survivors (12288K)
 Metaspace       used 133094K, committed 135104K, reserved 1179648K
  class space    used 18896K, committed 19840K, reserved 1048576K
}
Event: 62.988 GC heap before
{Heap before GC invocations=68 (full 0):
 garbage-first heap   total 456704K, used 420666K [0x0000000080000000, 0x0000000100000000)
  region size 1024K, 167 young (171008K), 12 survivors (12288K)
 Metaspace       used 133327K, committed 135296K, reserved 1179648K
  class space    used 18905K, committed 19840K, reserved 1048576K
}
Event: 63.020 GC heap after
{Heap after GC invocations=69 (full 0):
 garbage-first heap   total 456704K, used 264962K [0x0000000080000000, 0x0000000100000000)
  region size 1024K, 21 young (21504K), 21 survivors (21504K)
 Metaspace       used 133327K, committed 135296K, reserved 1179648K
  class space    used 18905K, committed 19840K, reserved 1048576K
}
Event: 63.403 GC heap before
{Heap before GC invocations=69 (full 0):
 garbage-first heap   total 456704K, used 409346K [0x0000000080000000, 0x0000000100000000)
  region size 1024K, 163 young (166912K), 21 survivors (21504K)
 Metaspace       used 133336K, committed 135296K, reserved 1179648K
  class space    used 18905K, committed 19840K, reserved 1048576K
}

