# JRE version: OpenJDK Runtime Environment (21.0.8) (build 21.0.8+-14196175-b1038.72)
# Java VM: OpenJDK 64-Bit Server VM (21.0.8+-14196175-b1038.72, mixed mode, tiered, compressed oops, compressed class ptrs, g1 gc, windows-amd64)
GC Precious Log:
 CardTable entry size: 512
 Card Set container configuration: InlinePtr #cards 5 size 8 Array Of Cards #cards 12 size 40 Howl #buckets 4 coarsen threshold 1843 Howl Bitmap #cards 512 size 80 coarsen threshold 460 Card regions per heap region 1 cards per card region 2048
 CPUs: 8 total, 8 available
 Memory: 8130M
 Large Page Support: Disabled
 NUMA Support: Disabled
 Compressed Oops: Enabled (32-bit)
 Heap Region Size: 1M
 Heap Min Capacity: 8M
 Heap Initial Capacity: 128M
 Heap Max Capacity: 2G
 Pre-touch: Disabled
 Parallel Workers: 8
 Concurrent Workers: 2
 Concurrent Refinement Workers: 8
 Periodic GC: Disabled
Heap:
 garbage-first heap   total 389120K, used 315392K [0x0000000080000000, 0x0000000100000000)
  region size 1024K, 100 young (102400K), 18 survivors (18432K)
 Metaspace       used 153192K, committed 155392K, reserved 1245184K
  class space    used 20829K, committed 21888K, reserved 1048576K
GC Heap History (20 events):
Event: 53.442 GC heap before
{Heap before GC invocations=44 (full 0):
 garbage-first heap   total 250880K, used 225842K [0x0000000080000000, 0x0000000100000000)
  region size 1024K, 80 young (81920K), 11 survivors (11264K)
 Metaspace       used 130083K, committed 132288K, reserved 1179648K
  class space    used 17941K, committed 19008K, reserved 1048576K
}
Event: 53.477 GC heap after
{Heap after GC invocations=45 (full 0):
 garbage-first heap   total 250880K, used 165111K [0x0000000080000000, 0x0000000100000000)
  region size 1024K, 10 young (10240K), 10 survivors (10240K)
 Metaspace       used 130083K, committed 132288K, reserved 1179648K
  class space    used 17941K, committed 19008K, reserved 1048576K
}
Event: 54.511 GC heap before
{Heap before GC invocations=45 (full 0):
 garbage-first heap   total 250880K, used 226551K [0x0000000080000000, 0x0000000100000000)
  region size 1024K, 70 young (71680K), 10 survivors (10240K)
 Metaspace       used 131072K, committed 133248K, reserved 1179648K
  class space    used 18050K, committed 19136K, reserved 1048576K
}
Event: 54.537 GC heap after
{Heap after GC invocations=46 (full 0):
 garbage-first heap   total 250880K, used 174015K [0x0000000080000000, 0x0000000100000000)
  region size 1024K, 9 young (9216K), 9 survivors (9216K)
 Metaspace       used 131072K, committed 133248K, reserved 1179648K
  class space    used 18050K, committed 19136K, reserved 1048576K
}
Event: 56.579 GC heap before
{Heap before GC invocations=47 (full 0):
 garbage-first heap   total 290816K, used 225215K [0x0000000080000000, 0x0000000100000000)
  region size 1024K, 60 young (61440K), 9 survivors (9216K)
 Metaspace       used 133911K, committed 136128K, reserved 1179648K
  class space    used 18428K, committed 19520K, reserved 1048576K
}
Event: 56.594 GC heap after
{Heap after GC invocations=48 (full 0):
 garbage-first heap   total 290816K, used 179426K [0x0000000080000000, 0x0000000100000000)
  region size 1024K, 5 young (5120K), 5 survivors (5120K)
 Metaspace       used 133911K, committed 136128K, reserved 1179648K
  class space    used 18428K, committed 19520K, reserved 1048576K
}
Event: 59.247 GC heap before
{Heap before GC invocations=48 (full 0):
 garbage-first heap   total 290816K, used 277730K [0x0000000080000000, 0x0000000100000000)
  region size 1024K, 86 young (88064K), 5 survivors (5120K)
 Metaspace       used 135273K, committed 137472K, reserved 1179648K
  class space    used 18544K, committed 19584K, reserved 1048576K
}
Event: 59.294 GC heap after
{Heap after GC invocations=49 (full 0):
 garbage-first heap   total 315392K, used 206692K [0x0000000080000000, 0x0000000100000000)
  region size 1024K, 11 young (11264K), 11 survivors (11264K)
 Metaspace       used 135273K, committed 137472K, reserved 1179648K
  class space    used 18544K, committed 19584K, reserved 1048576K
}
Event: 60.162 GC heap before
{Heap before GC invocations=49 (full 0):
 garbage-first heap   total 315392K, used 232292K [0x0000000080000000, 0x0000000100000000)
  region size 1024K, 38 young (38912K), 11 survivors (11264K)
 Metaspace       used 135400K, committed 137536K, reserved 1179648K
  class space    used 18553K, committed 19584K, reserved 1048576K
}
Event: 60.187 GC heap after
{Heap after GC invocations=50 (full 0):
 garbage-first heap   total 315392K, used 216787K [0x0000000080000000, 0x0000000100000000)
  region size 1024K, 9 young (9216K), 9 survivors (9216K)
 Metaspace       used 135400K, committed 137536K, reserved 1179648K
  class space    used 18553K, committed 19584K, reserved 1048576K
}
Event: 61.420 GC heap before
{Heap before GC invocations=51 (full 0):
 garbage-first heap   total 389120K, used 291539K [0x0000000080000000, 0x0000000100000000)
  region size 1024K, 68 young (69632K), 9 survivors (9216K)
 Metaspace       used 137536K, committed 139776K, reserved 1179648K
  class space    used 18737K, committed 19840K, reserved 1048576K
}
Event: 61.436 GC heap after
{Heap after GC invocations=52 (full 0):
 garbage-first heap   total 389120K, used 219782K [0x0000000080000000, 0x0000000100000000)
  region size 1024K, 8 young (8192K), 8 survivors (8192K)
 Metaspace       used 137536K, committed 139776K, reserved 1179648K
  class space    used 18737K, committed 19840K, reserved 1048576K
}
Event: 62.812 GC heap before
{Heap before GC invocations=52 (full 0):
 garbage-first heap   total 389120K, used 339590K [0x0000000080000000, 0x0000000100000000)
  region size 1024K, 126 young (129024K), 8 survivors (8192K)
 Metaspace       used 141093K, committed 143360K, reserved 1179648K
  class space    used 19060K, committed 20160K, reserved 1048576K
}
Event: 62.837 GC heap after
{Heap after GC invocations=53 (full 0):
 garbage-first heap   total 389120K, used 223064K [0x0000000080000000, 0x0000000100000000)
  region size 1024K, 14 young (14336K), 14 survivors (14336K)
 Metaspace       used 141093K, committed 143360K, reserved 1179648K
  class space    used 19060K, committed 20160K, reserved 1048576K
}
Event: 64.066 GC heap before
{Heap before GC invocations=53 (full 0):
 garbage-first heap   total 389120K, used 299864K [0x0000000080000000, 0x0000000100000000)
  region size 1024K, 91 young (93184K), 14 survivors (14336K)
 Metaspace       used 142441K, committed 144640K, reserved 1179648K
  class space    used 19224K, committed 20288K, reserved 1048576K
}
Event: 64.081 GC heap after
{Heap after GC invocations=54 (full 0):
 garbage-first heap   total 389120K, used 216656K [0x0000000080000000, 0x0000000100000000)
  region size 1024K, 6 young (6144K), 6 survivors (6144K)
 Metaspace       used 142441K, committed 144640K, reserved 1179648K
  class space    used 19224K, committed 20288K, reserved 1048576K
}
Event: 65.358 GC heap before
{Heap before GC invocations=55 (full 0):
 garbage-first heap   total 389120K, used 334416K [0x0000000080000000, 0x0000000100000000)
  region size 1024K, 136 young (139264K), 6 survivors (6144K)
 Metaspace       used 147364K, committed 149568K, reserved 1179648K
  class space    used 19937K, committed 20992K, reserved 1048576K
}
Event: 65.385 GC heap after
{Heap after GC invocations=56 (full 0):
 garbage-first heap   total 389120K, used 220124K [0x0000000080000000, 0x0000000100000000)
  region size 1024K, 17 young (17408K), 17 survivors (17408K)
 Metaspace       used 147364K, committed 149568K, reserved 1179648K
  class space    used 19937K, committed 20992K, reserved 1048576K
}
Event: 66.316 GC heap before
{Heap before GC invocations=56 (full 0):
 garbage-first heap   total 389120K, used 343004K [0x0000000080000000, 0x0000000100000000)
  region size 1024K, 137 young (140288K), 17 survivors (17408K)
 Metaspace       used 151442K, committed 153664K, reserved 1245184K
  class space    used 20549K, committed 21632K, reserved 1048576K
}
Event: 66.365 GC heap after
{Heap after GC invocations=57 (full 0):
 garbage-first heap   total 389120K, used 233472K [0x0000000080000000, 0x0000000100000000)
  region size 1024K, 18 young (18432K), 18 survivors (18432K)
 Metaspace       used 151442K, committed 153664K, reserved 1245184K
  class space    used 20549K, committed 21632K, reserved 1048576K
}

