# JRE version: OpenJDK Runtime Environment (21.0.8) (build 21.0.8+-14196175-b1038.72)
# Java VM: OpenJDK 64-Bit Server VM (21.0.8+-14196175-b1038.72, mixed mode, tiered, compressed oops, compressed class ptrs, g1 gc, windows-amd64)
GC Precious Log:
 CardTable entry size: 512
 Card Set container configuration: InlinePtr #cards 5 size 8 Array Of Cards #cards 12 size 40 Howl #buckets 4 coarsen threshold 1843 Howl Bitmap #cards 512 size 80 coarsen threshold 460 Card regions per heap region 1 cards per card region 2048
 CPUs: 8 total, 8 available
 Memory: 8130M
 Large Page Support: Disabled
 NUMA Support: Disabled
 Compressed Oops: Enabled (32-bit)
 Heap Region Size: 1M
 Heap Min Capacity: 8M
 Heap Initial Capacity: 128M
 Heap Max Capacity: 2G
 Pre-touch: Disabled
 Parallel Workers: 8
 Concurrent Workers: 2
 Concurrent Refinement Workers: 8
 Periodic GC: Disabled
Heap:
 garbage-first heap   total 355328K, used 224888K [0x0000000080000000, 0x0000000100000000)
  region size 1024K, 10 young (10240K), 10 survivors (10240K)
 Metaspace       used 125585K, committed 127616K, reserved 1179648K
  class space    used 17752K, committed 18752K, reserved 1048576K
GC Heap History (20 events):
Event: 21.336 GC heap after
{Heap after GC invocations=32 (full 0):
 garbage-first heap   total 184320K, used 114688K [0x0000000080000000, 0x0000000100000000)
  region size 1024K, 4 young (4096K), 4 survivors (4096K)
 Metaspace       used 105860K, committed 107776K, reserved 1179648K
  class space    used 14993K, committed 15936K, reserved 1048576K
}
Event: 22.368 GC heap before
{Heap before GC invocations=33 (full 0):
 garbage-first heap   total 199680K, used 173056K [0x0000000080000000, 0x0000000100000000)
  region size 1024K, 57 young (58368K), 4 survivors (4096K)
 Metaspace       used 108504K, committed 110464K, reserved 1179648K
  class space    used 15238K, committed 16192K, reserved 1048576K
}
Event: 22.380 GC heap after
{Heap after GC invocations=34 (full 0):
 garbage-first heap   total 199680K, used 119207K [0x0000000080000000, 0x0000000100000000)
  region size 1024K, 8 young (8192K), 8 survivors (8192K)
 Metaspace       used 108504K, committed 110464K, reserved 1179648K
  class space    used 15238K, committed 16192K, reserved 1048576K
}
Event: 22.793 GC heap before
{Heap before GC invocations=34 (full 0):
 garbage-first heap   total 199680K, used 186791K [0x0000000080000000, 0x0000000100000000)
  region size 1024K, 67 young (68608K), 8 survivors (8192K)
 Metaspace       used 109920K, committed 111872K, reserved 1179648K
  class space    used 15431K, committed 16384K, reserved 1048576K
}
Event: 22.816 GC heap after
{Heap after GC invocations=35 (full 0):
 garbage-first heap   total 208896K, used 131504K [0x0000000080000000, 0x0000000100000000)
  region size 1024K, 9 young (9216K), 9 survivors (9216K)
 Metaspace       used 109920K, committed 111872K, reserved 1179648K
  class space    used 15431K, committed 16384K, reserved 1048576K
}
Event: 23.104 GC heap before
{Heap before GC invocations=35 (full 0):
 garbage-first heap   total 208896K, used 186800K [0x0000000080000000, 0x0000000100000000)
  region size 1024K, 64 young (65536K), 9 survivors (9216K)
 Metaspace       used 111217K, committed 113216K, reserved 1179648K
  class space    used 15612K, committed 16576K, reserved 1048576K
}
Event: 23.117 GC heap after
{Heap after GC invocations=36 (full 0):
 garbage-first heap   total 209920K, used 143569K [0x0000000080000000, 0x0000000100000000)
  region size 1024K, 8 young (8192K), 8 survivors (8192K)
 Metaspace       used 111217K, committed 113216K, reserved 1179648K
  class space    used 15612K, committed 16576K, reserved 1048576K
}
Event: 23.718 GC heap before
{Heap before GC invocations=37 (full 0):
 garbage-first heap   total 240640K, used 186577K [0x0000000080000000, 0x0000000100000000)
  region size 1024K, 51 young (52224K), 8 survivors (8192K)
 Metaspace       used 114215K, committed 116224K, reserved 1179648K
  class space    used 16034K, committed 17024K, reserved 1048576K
}
Event: 23.736 GC heap after
{Heap after GC invocations=38 (full 0):
 garbage-first heap   total 240640K, used 151064K [0x0000000080000000, 0x0000000100000000)
  region size 1024K, 7 young (7168K), 7 survivors (7168K)
 Metaspace       used 114215K, committed 116224K, reserved 1179648K
  class space    used 16034K, committed 17024K, reserved 1048576K
}
Event: 24.204 GC heap before
{Heap before GC invocations=38 (full 0):
 garbage-first heap   total 240640K, used 215576K [0x0000000080000000, 0x0000000100000000)
  region size 1024K, 71 young (72704K), 7 survivors (7168K)
 Metaspace       used 116993K, committed 119040K, reserved 1179648K
  class space    used 16471K, committed 17472K, reserved 1048576K
}
Event: 24.241 GC heap after
{Heap after GC invocations=39 (full 0):
 garbage-first heap   total 310272K, used 160160K [0x0000000080000000, 0x0000000100000000)
  region size 1024K, 9 young (9216K), 9 survivors (9216K)
 Metaspace       used 116993K, committed 119040K, reserved 1179648K
  class space    used 16471K, committed 17472K, reserved 1048576K
}
Event: 24.921 GC heap before
{Heap before GC invocations=39 (full 0):
 garbage-first heap   total 310272K, used 272800K [0x0000000080000000, 0x0000000100000000)
  region size 1024K, 121 young (123904K), 9 survivors (9216K)
 Metaspace       used 119522K, committed 121600K, reserved 1179648K
  class space    used 16841K, committed 17856K, reserved 1048576K
}
Event: 24.968 GC heap after
{Heap after GC invocations=40 (full 0):
 garbage-first heap   total 310272K, used 180090K [0x0000000080000000, 0x0000000100000000)
  region size 1024K, 15 young (15360K), 15 survivors (15360K)
 Metaspace       used 119522K, committed 121600K, reserved 1179648K
  class space    used 16841K, committed 17856K, reserved 1048576K
}
Event: 25.347 GC heap before
{Heap before GC invocations=40 (full 0):
 garbage-first heap   total 310272K, used 268154K [0x0000000080000000, 0x0000000100000000)
  region size 1024K, 102 young (104448K), 15 survivors (15360K)
 Metaspace       used 121932K, committed 123968K, reserved 1179648K
  class space    used 17268K, committed 18240K, reserved 1048576K
}
Event: 25.397 GC heap after
{Heap after GC invocations=41 (full 0):
 garbage-first heap   total 310272K, used 194118K [0x0000000080000000, 0x0000000100000000)
  region size 1024K, 13 young (13312K), 13 survivors (13312K)
 Metaspace       used 121932K, committed 123968K, reserved 1179648K
  class space    used 17268K, committed 18240K, reserved 1048576K
}
Event: 25.600 GC heap before
{Heap before GC invocations=41 (full 0):
 garbage-first heap   total 310272K, used 220742K [0x0000000080000000, 0x0000000100000000)
  region size 1024K, 40 young (40960K), 13 survivors (13312K)
 Metaspace       used 122896K, committed 124992K, reserved 1179648K
  class space    used 17427K, committed 18432K, reserved 1048576K
}
Event: 25.625 GC heap after
{Heap after GC invocations=42 (full 0):
 garbage-first heap   total 310272K, used 200644K [0x0000000080000000, 0x0000000100000000)
  region size 1024K, 6 young (6144K), 6 survivors (6144K)
 Metaspace       used 122896K, committed 124992K, reserved 1179648K
  class space    used 17427K, committed 18432K, reserved 1048576K
}
Event: 26.706 GC heap before
{Heap before GC invocations=43 (full 0):
 garbage-first heap   total 355328K, used 295876K [0x0000000080000000, 0x0000000100000000)
  region size 1024K, 82 young (83968K), 6 survivors (6144K)
 Metaspace       used 124256K, committed 126336K, reserved 1179648K
  class space    used 17631K, committed 18624K, reserved 1048576K
}
Event: 26.732 GC heap after
{Heap after GC invocations=44 (full 0):
 garbage-first heap   total 355328K, used 217018K [0x0000000080000000, 0x0000000100000000)
  region size 1024K, 11 young (11264K), 11 survivors (11264K)
 Metaspace       used 124256K, committed 126336K, reserved 1179648K
  class space    used 17631K, committed 18624K, reserved 1048576K
}
Event: 27.620 GC heap before
{Heap before GC invocations=44 (full 0):
 garbage-first heap   total 355328K, used 318394K [0x0000000080000000, 0x0000000100000000)
  region size 1024K, 110 young (112640K), 11 survivors (11264K)
 Metaspace       used 125585K, committed 127616K, reserved 1179648K
  class space    used 17752K, committed 18752K, reserved 1048576K
}

